<?xml version="1.0" encoding="UTF-8"?>
<!-- Generated by org.testng.reporters.JUnitXMLReporter -->
<testsuite hostname="LAPTOP-G176N8GQ" ignored="0" name="Desktops Test" tests="2" failures="0" timestamp="2022-12-13T19:11:54 GMT" time="38.585" errors="0">
  <testcase name="verifyProductAddedToShoppingCartSuccessFully" time="23.414" classname="com.tutorialsninja.testsuite.DesktopsPageTest"/>
  <testcase name="verifyProductsPriceDisplayHighToLowSuccessfully" time="2.328" classname="com.tutorialsninja.testsuite.DesktopsPageTest"/>
</testsuite> <!-- Desktops Test -->
