<?xml version="1.0" encoding="UTF-8"?>
<!-- Generated by org.testng.reporters.JUnitXMLReporter -->
<testsuite hostname="LAPTOP-G176N8GQ" ignored="0" name="Laptops and notebooks Test" tests="2" failures="0" timestamp="2022-12-13T19:17:26 GMT" time="24.796" errors="0">
  <testcase name="verifyProductsPriceDisplayHighToLowSuccessfully" time="2.326" classname="com.tutorialsninja.testsuite.LaptopsAndNotebooksPageTest"/>
  <testcase name="verifyThatUserPlaceOrderSuccessfully" time="10.158" classname="com.tutorialsninja.testsuite.LaptopsAndNotebooksPageTest"/>
</testsuite> <!-- Laptops and notebooks Test -->
