<?xml version="1.0" encoding="UTF-8"?>
<!-- Generated by org.testng.reporters.JUnitXMLReporter -->
<testsuite hostname="LAPTOP-G176N8GQ" ignored="0" name="My Account Test" tests="4" failures="0" timestamp="2022-12-13T19:23:24 GMT" time="68.413" errors="0">
  <testcase name="verifyThatUserRegisterAccountSuccessfully" time="23.596" classname="com.tutorialsninja.testsuite.MyAccountPageTest"/>
  <testcase name="verifyThatUserShouldLoginAndLogoutSuccessfully" time="2.283" classname="com.tutorialsninja.testsuite.MyAccountPageTest"/>
  <testcase name="verifyUserShouldNavigateToLoginPageSuccessfully" time="0.431" classname="com.tutorialsninja.testsuite.MyAccountPageTest"/>
  <testcase name="verifyUserShouldNavigateToRegisterPageSuccessfully" time="21.083" classname="com.tutorialsninja.testsuite.MyAccountPageTest"/>
</testsuite> <!-- My Account Test -->
