<?xml version="1.0" encoding="UTF-8"?>
<!-- Generated by org.testng.reporters.JUnitXMLReporter -->
<testsuite hostname="LAPTOP-G176N8GQ" ignored="0" name="Top Menu Test" tests="3" failures="0" timestamp="2022-12-13T19:26:50 GMT" time="19.338" errors="0">
  <testcase name="verifyUserShouldNavigateToComponentsPageSuccessfully" time="0.749" classname="com.tutorialsninja.testsuite.TopMenuPageTest"/>
  <testcase name="verifyUserShouldNavigateToDesktopsPageSuccessfully" time="1.124" classname="com.tutorialsninja.testsuite.TopMenuPageTest"/>
  <testcase name="verifyUserShouldNavigateToLaptopsAndNotebooksPageSuccessfully" time="0.799" classname="com.tutorialsninja.testsuite.TopMenuPageTest"/>
</testsuite> <!-- Top Menu Test -->
